[debug] [2021-10-20T10:33:57.032Z] ----------------------------------------------------------------------
[debug] [2021-10-20T10:33:57.035Z] Command:       C:\Program Files\nodejs\node.exe C:\Program Files\nodejs\node_modules\firebase-tools\lib\bin\firebase.js init
[debug] [2021-10-20T10:33:57.036Z] CLI Version:   9.16.5
[debug] [2021-10-20T10:33:57.036Z] Platform:      win32
[debug] [2021-10-20T10:33:57.036Z] Node Version:  v14.17.0
[debug] [2021-10-20T10:33:57.037Z] Time:          Wed Oct 20 2021 17:33:57 GMT+0700 (Western Indonesia Time)
[debug] [2021-10-20T10:33:57.037Z] ----------------------------------------------------------------------
[debug] 
[debug] [2021-10-20T10:33:57.041Z] >>> [apiv2][query] GET https://firebase-public.firebaseio.com/cli.json [none]
[debug] [2021-10-20T10:33:57.071Z] > command requires scopes: ["email","openid","https://www.googleapis.com/auth/cloudplatformprojects.readonly","https://www.googleapis.com/auth/firebase","https://www.googleapis.com/auth/cloud-platform"]
[debug] [2021-10-20T10:33:57.071Z] > authorizing via signed-in user (diardomarendikrista@gmail.com)
[info] 
     ######## #### ########  ######## ########     ###     ######  ########
     ##        ##  ##     ## ##       ##     ##  ##   ##  ##       ##
     ######    ##  ########  ######   ########  #########  ######  ######
     ##        ##  ##    ##  ##       ##     ## ##     ##       ## ##
     ##       #### ##     ## ######## ########  ##     ##  ######  ########

You're about to initialize a Firebase project in this directory:

  E:\Belajar\notes-client

[debug] [2023-03-28T13:52:22.225Z] ----------------------------------------------------------------------
[debug] [2023-03-28T13:52:22.226Z] Command:       C:\Program Files\nodejs\node.exe C:\Program Files\nodejs\node_modules\firebase-tools\lib\bin\firebase.js init
[debug] [2023-03-28T13:52:22.227Z] CLI Version:   11.19.0
[debug] [2023-03-28T13:52:22.227Z] Platform:      win32
[debug] [2023-03-28T13:52:22.227Z] Node Version:  v14.18.0
[debug] [2023-03-28T13:52:22.227Z] Time:          Tue Mar 28 2023 20:52:22 GMT+0700 (Western Indonesia Time)
[debug] [2023-03-28T13:52:22.227Z] ----------------------------------------------------------------------
[debug] 
[debug] [2023-03-28T13:52:22.238Z] >>> [apiv2][query] GET https://firebase-public.firebaseio.com/cli.json [none]
[debug] [2023-03-28T13:52:22.251Z] > command requires scopes: ["email","openid","https://www.googleapis.com/auth/cloudplatformprojects.readonly","https://www.googleapis.com/auth/firebase","https://www.googleapis.com/auth/cloud-platform"]
[debug] [2023-03-28T13:52:22.251Z] > authorizing via signed-in user (diardomarendikrista@gmail.com)
[info] 
     ######## #### ########  ######## ########     ###     ######  ########
     ##        ##  ##     ## ##       ##     ##  ##   ##  ##       ##
     ######    ##  ########  ######   ########  #########  ######  ######
     ##        ##  ##    ##  ##       ##     ## ##     ##       ## ##
     ##       #### ##     ## ######## ########  ##     ##  ######  ########

You're about to initialize a Firebase project in this directory:

  D:\PROJECT\Diardo's Project\Notes APP\notes-client

[debug] [2023-03-28T13:52:22.865Z] <<< [apiv2][status] GET https://firebase-public.firebaseio.com/cli.json 200
[debug] [2023-03-28T13:52:22.865Z] <<< [apiv2][body] GET https://firebase-public.firebaseio.com/cli.json {"cloudBuildErrorAfter":1594252800000,"cloudBuildWarnAfter":1590019200000,"defaultNode10After":1594252800000,"minVersion":"3.0.5","node8DeploysDisabledAfter":1613390400000,"node8RuntimeDisabledAfter":1615809600000,"node8WarnAfter":1600128000000}
